  game.cpp
c:\users\administrador\desktop\repositorio asteroids\asteroids\src\pantallas\game.cpp(75): warning C4244: '=': conversión de 'int' a 'float'; posible pérdida de datos
c:\users\administrador\desktop\repositorio asteroids\asteroids\src\pantallas\game.cpp(97): warning C4244: '=': conversión de 'int' a 'float'; posible pérdida de datos
c:\users\administrador\desktop\repositorio asteroids\asteroids\src\pantallas\game.cpp(101): warning C4244: '=': conversión de 'int' a 'float'; posible pérdida de datos
c:\users\administrador\desktop\repositorio asteroids\asteroids\src\pantallas\game.cpp(107): warning C4244: '=': conversión de 'int' a 'float'; posible pérdida de datos
c:\users\administrador\desktop\repositorio asteroids\asteroids\src\pantallas\game.cpp(111): warning C4244: '=': conversión de 'int' a 'float'; posible pérdida de datos
c:\users\administrador\desktop\repositorio asteroids\asteroids\src\pantallas\game.cpp(118): warning C4244: 'argumento': conversión de 'float' a 'int'; posible pérdida de datos
c:\users\administrador\desktop\repositorio asteroids\asteroids\src\pantallas\game.cpp(118): warning C4244: '=': conversión de 'int' a 'float'; posible pérdida de datos
c:\users\administrador\desktop\repositorio asteroids\asteroids\src\pantallas\game.cpp(119): warning C4244: 'argumento': conversión de 'float' a 'int'; posible pérdida de datos
c:\users\administrador\desktop\repositorio asteroids\asteroids\src\pantallas\game.cpp(119): warning C4244: '=': conversión de 'int' a 'float'; posible pérdida de datos
c:\users\administrador\desktop\repositorio asteroids\asteroids\src\pantallas\game.cpp(125): warning C4244: 'argumento': conversión de 'float' a 'int'; posible pérdida de datos
c:\users\administrador\desktop\repositorio asteroids\asteroids\src\pantallas\game.cpp(125): warning C4244: '=': conversión de 'int' a 'float'; posible pérdida de datos
c:\users\administrador\desktop\repositorio asteroids\asteroids\src\pantallas\game.cpp(126): warning C4244: 'argumento': conversión de 'float' a 'int'; posible pérdida de datos
c:\users\administrador\desktop\repositorio asteroids\asteroids\src\pantallas\game.cpp(126): warning C4244: '=': conversión de 'int' a 'float'; posible pérdida de datos
c:\users\administrador\desktop\repositorio asteroids\asteroids\src\pantallas\game.cpp(132): warning C4244: '=': conversión de 'int' a 'float'; posible pérdida de datos
c:\users\administrador\desktop\repositorio asteroids\asteroids\src\pantallas\game.cpp(141): warning C4244: '=': conversión de 'int' a 'float'; posible pérdida de datos
c:\users\administrador\desktop\repositorio asteroids\asteroids\src\pantallas\game.cpp(150): warning C4244: '=': conversión de 'int' a 'float'; posible pérdida de datos
c:\users\administrador\desktop\repositorio asteroids\asteroids\src\pantallas\game.cpp(173): warning C4244: '=': conversión de 'double' a 'float'; posible pérdida de datos
c:\users\administrador\desktop\repositorio asteroids\asteroids\src\pantallas\game.cpp(174): warning C4244: '=': conversión de 'double' a 'float'; posible pérdida de datos
  asteroids.vcxproj -> C:\Users\Administrador\Desktop\Repositorio Asteroids\asteroids\bin\Win32\Debug\asteroids.exe
  Ya existe el subdirectorio o el archivo C:\Users\Administrador\Desktop\Repositorio Asteroids\asteroids\bin\Win32\Debug\res.
  0 archivo(s) copiado(s)
